This is pdfTeX, Version 3.1415926-2.4-1.40.13 (TeX Live 2012/Debian) (format=pdflatex 2013.11.11)  26 JUN 2014 15:29
entering extended mode
 restricted \write18 enabled.
 %&-line parsing enabled.
**refman
(./refman.tex
LaTeX2e <2011/06/27>
Babel <v3.8m> and hyphenation patterns for english, dumylang, nohyphenation, ga
lician, catalan, spanish, loaded.
! Undefined control sequence.
l.1 \section
            {Índice de estructura de datos}
? 
! Emergency stop.
l.1 \section
            {Índice de estructura de datos}
End of file on the terminal!

 
Here is how much of TeX's memory you used:
 5 strings out of 494997
 129 string characters out of 3180091
 45139 words of memory out of 3000000
 3296 multiletter control sequences out of 15000+200000
 3640 words of font info for 14 fonts, out of 3000000 for 9000
 40 hyphenation exceptions out of 8191
 5i,0n,1p,49b,8s stack positions out of 5000i,500n,10000p,200000b,50000s
!  ==> Fatal error occurred, no output PDF file produced!
